<?xml version="1.0" encoding="UTF-8"?>
<!-- Generated by org.testng.reporters.JUnitReportReporter -->
<testsuite hostname="Wisemans-MacBook-Pro.local" name="com.snapbundle.geo.GeoJsonTest" tests="13" failures="0" timestamp="7 Apr 2014 22:47:41 GMT" time="0.184" errors="0">
  <testcase name="testPolygonWithHoles" time="0.000" classname="com.snapbundle.geo.GeoJsonTest"/>
  <testcase name="testBbox" time="0.120" classname="com.snapbundle.geo.GeoJsonTest"/>
  <testcase name="testMultilineString" time="0.000" classname="com.snapbundle.geo.GeoJsonTest"/>
  <testcase name="testMultipoint" time="0.000" classname="com.snapbundle.geo.GeoJsonTest"/>
  <testcase name="testMultiPolygon" time="0.001" classname="com.snapbundle.geo.GeoJsonTest"/>
  <testcase name="testPolygon" time="0.001" classname="com.snapbundle.geo.GeoJsonTest"/>
  <testcase name="testNamedCrs" time="0.000" classname="com.snapbundle.geo.GeoJsonTest"/>
  <testcase name="testLineString" time="0.001" classname="com.snapbundle.geo.GeoJsonTest"/>
  <testcase name="testPoint" time="0.000" classname="com.snapbundle.geo.GeoJsonTest"/>
  <testcase name="testFeatureCollection" time="0.003" classname="com.snapbundle.geo.GeoJsonTest"/>
  <testcase name="testLinkedCrs" time="0.001" classname="com.snapbundle.geo.GeoJsonTest"/>
  <testcase name="testFeatureCollectionBothWays" time="0.047" classname="com.snapbundle.geo.GeoJsonTest"/>
  <testcase name="testGeometricCollection" time="0.010" classname="com.snapbundle.geo.GeoJsonTest"/>
</testsuite>
