<?xml version="1.0" encoding="UTF-8"?>
<!-- Generated by org.testng.reporters.JUnitReportReporter -->
<testsuite hostname="Wisemans-MacBook-Pro.local" name="com.snapbundle.pojo.JsonTest" tests="3" failures="0" timestamp="7 Apr 2014 22:47:41 GMT" time="0.060" errors="0">
  <testcase name="testMetadataObject" time="0.000" classname="com.snapbundle.pojo.JsonTest"/>
  <testcase name="testJsonMetadataObject" time="0.024" classname="com.snapbundle.pojo.JsonTest"/>
  <testcase name="testAccount" time="0.036" classname="com.snapbundle.pojo.JsonTest"/>
</testsuite>
