<?xml version="1.0" encoding="UTF-8"?>
<!-- Generated by org.testng.reporters.JUnitReportReporter -->
<testsuite hostname="Wisemans-MacBook-Pro.local" name="com.snapbundle.pojo.MapperTest" tests="9" failures="0" timestamp="7 Apr 2014 22:47:41 GMT" time="0.009" errors="0">
  <testcase name="testStringMapper" time="0.001" classname="com.snapbundle.pojo.MapperTest"/>
  <testcase name="testDateMapper" time="0.001" classname="com.snapbundle.pojo.MapperTest"/>
  <testcase name="testFloatMapper" time="0.002" classname="com.snapbundle.pojo.MapperTest"/>
  <testcase name="testJsonMapper" time="0.001" classname="com.snapbundle.pojo.MapperTest"/>
  <testcase name="testBooleanMapper" time="0.001" classname="com.snapbundle.pojo.MapperTest"/>
  <testcase name="testBinaryEncodeDecode" time="0.000" classname="com.snapbundle.pojo.MapperTest"/>
  <testcase name="testDoubleMapper" time="0.000" classname="com.snapbundle.pojo.MapperTest"/>
  <testcase name="testLongMapper" time="0.001" classname="com.snapbundle.pojo.MapperTest"/>
  <testcase name="testIntegerMapper" time="0.002" classname="com.snapbundle.pojo.MapperTest"/>
</testsuite>
