<?xml version="1.0" encoding="UTF-8"?>
<!-- Generated by org.testng.reporters.JUnitReportReporter -->
<testsuite hostname="Wisemans-MacBook-Pro.local" name="com.snapbundle.pojo.SignatureTest" tests="1" failures="0" timestamp="7 Apr 2014 22:47:41 GMT" time="0.017" errors="0">
  <testcase name="testSignature" time="0.017" classname="com.snapbundle.pojo.SignatureTest"/>
</testsuite>
