<?xml version="1.0" encoding="UTF-8"?>
<!-- Generated by org.testng.reporters.JUnitReportReporter -->
<testsuite hostname="Wisemans-MacBook-Pro.local" name="net.smartcosmos.pojo.MapperTest" tests="9" failures="0" timestamp="30 Jul 2014 22:39:32 GMT" time="0.006" errors="0">
  <testcase name="testBinaryEncodeDecode" time="0.001" classname="net.smartcosmos.pojo.MapperTest"/>
  <testcase name="testDoubleMapper" time="0.001" classname="net.smartcosmos.pojo.MapperTest"/>
  <testcase name="testDateMapper" time="0.001" classname="net.smartcosmos.pojo.MapperTest"/>
  <testcase name="testIntegerMapper" time="0.001" classname="net.smartcosmos.pojo.MapperTest"/>
  <testcase name="testLongMapper" time="0.000" classname="net.smartcosmos.pojo.MapperTest"/>
  <testcase name="testJsonMapper" time="0.001" classname="net.smartcosmos.pojo.MapperTest"/>
  <testcase name="testFloatMapper" time="0.001" classname="net.smartcosmos.pojo.MapperTest"/>
  <testcase name="testBooleanMapper" time="0.000" classname="net.smartcosmos.pojo.MapperTest"/>
  <testcase name="testStringMapper" time="0.000" classname="net.smartcosmos.pojo.MapperTest"/>
</testsuite>
