<?xml version="1.0" encoding="UTF-8"?>
<!-- Generated by org.testng.reporters.JUnitReportReporter -->
<testsuite hostname="Wisemans-MacBook-Pro.local" name="net.smartcosmos.pojo.JsonTest" tests="3" failures="0" timestamp="30 Jul 2014 22:39:32 GMT" time="0.068" errors="0">
  <testcase name="testAccount" time="0.034" classname="net.smartcosmos.pojo.JsonTest"/>
  <testcase name="testJsonMetadataObject" time="0.033" classname="net.smartcosmos.pojo.JsonTest"/>
  <testcase name="testMetadataObject" time="0.001" classname="net.smartcosmos.pojo.JsonTest"/>
</testsuite>
