<?xml version="1.0" encoding="UTF-8"?>
<!-- Generated by org.testng.reporters.JUnitReportReporter -->
<testsuite hostname="Wisemans-MacBook-Pro.local" name="net.smartcosmos.pojo.SignatureTest" tests="1" failures="0" timestamp="30 Jul 2014 22:39:32 GMT" time="0.016" errors="0">
  <testcase name="testSignature" time="0.016" classname="net.smartcosmos.pojo.SignatureTest"/>
</testsuite>
