<?xml version="1.0" encoding="UTF-8"?>
<!-- Generated by org.testng.reporters.JUnitReportReporter -->
<testsuite hostname="Wisemans-MacBook-Pro.local" name="net.smartcosmos.geo.GeoJsonTest" tests="13" failures="0" timestamp="30 Jul 2014 22:39:32 GMT" time="0.200" errors="0">
  <testcase name="testPoint" time="0.000" classname="net.smartcosmos.geo.GeoJsonTest"/>
  <testcase name="testFeatureCollection" time="0.006" classname="net.smartcosmos.geo.GeoJsonTest"/>
  <testcase name="testFeatureCollectionBothWays" time="0.045" classname="net.smartcosmos.geo.GeoJsonTest"/>
  <testcase name="testLineString" time="0.001" classname="net.smartcosmos.geo.GeoJsonTest"/>
  <testcase name="testPolygon" time="0.000" classname="net.smartcosmos.geo.GeoJsonTest"/>
  <testcase name="testGeometricCollection" time="0.010" classname="net.smartcosmos.geo.GeoJsonTest"/>
  <testcase name="testNamedCrs" time="0.000" classname="net.smartcosmos.geo.GeoJsonTest"/>
  <testcase name="testBbox" time="0.133" classname="net.smartcosmos.geo.GeoJsonTest"/>
  <testcase name="testPolygonWithHoles" time="0.000" classname="net.smartcosmos.geo.GeoJsonTest"/>
  <testcase name="testMultiPolygon" time="0.002" classname="net.smartcosmos.geo.GeoJsonTest"/>
  <testcase name="testMultipoint" time="0.000" classname="net.smartcosmos.geo.GeoJsonTest"/>
  <testcase name="testLinkedCrs" time="0.002" classname="net.smartcosmos.geo.GeoJsonTest"/>
  <testcase name="testMultilineString" time="0.001" classname="net.smartcosmos.geo.GeoJsonTest"/>
</testsuite>
